2025-05-24 19:58:48 - server - Сервер запущен на порту 8080
2025-05-24 19:58:54 - newClient - Введите имя:
2025-05-24 19:58:56 - newClient - anton
2025-05-24 19:58:56 - server - : MT_INIT: 
2025-05-24 19:58:56 - newClient - Это имя уже занято
2025-05-24 19:58:56 - newClient - Введите имя:
2025-05-24 20:00:07 - server - Сервер запущен на порту 8080
2025-05-24 20:00:10 - newClient - Введите имя:
2025-05-24 20:00:12 - newClient - anton
2025-05-24 20:00:12 - server - anton: MT_INIT: 
2025-05-24 20:00:12 - server - сервер разорвал подключение
2025-05-24 20:00:29 - server - Сервер запущен на порту 8080
2025-05-24 20:00:30 - newClient - Введите имя:
2025-05-24 20:00:31 - newClient - Введите имя:
2025-05-24 20:00:32 - newClient - fefe
2025-05-24 20:00:32 - server - fefe: MT_INIT: 
2025-05-24 20:00:32 - server - сервер разорвал подключение
2025-05-24 20:01:05 - server - Сервер запущен на порту 8080
2025-05-24 20:01:12 - newClient - Введите имя:
2025-05-24 20:01:14 - newClient - anton
2025-05-24 20:01:14 - server - anton: MT_INIT: 
2025-05-24 20:01:14 - server - anton: MT_GETDATA: 
2025-05-24 20:01:15 - server - anton: MT_GETDATA: 
2025-05-24 20:01:15 - server - anton: MT_GETDATA: 
2025-05-24 20:01:16 - server - anton: MT_GETDATA: 
2025-05-24 20:01:16 - server - anton: MT_GETDATA: 
2025-05-24 20:01:17 - server - anton: MT_GETDATA: 
2025-05-24 20:01:17 - server - anton: MT_GETDATA: 
2025-05-24 20:01:18 - anton - 1234
2025-05-24 20:01:18 - server - anton: MT_DATA: 1234
2025-05-24 20:01:18 - server - anton: MT_GETDATA: 
2025-05-24 20:01:18 - anton - anton: 1234
2025-05-24 20:01:18 - server - anton: MT_GETDATA: 
2025-05-24 20:01:18 - server - anton: MT_GETDATA: 
2025-05-24 20:01:19 - server - anton: MT_GETDATA: 
2025-05-24 20:01:20 - server - anton: MT_GETDATA: 
2025-05-24 20:01:20 - server - anton: MT_GETDATA: 
2025-05-24 20:01:21 - server - anton: MT_GETDATA: 
2025-05-24 20:01:21 - anton - 4321
2025-05-24 20:01:21 - server - anton: MT_DATA: 4321
2025-05-24 20:01:21 - anton - 2
2025-05-24 20:01:21 - server - anton: MT_DATA: 2
2025-05-24 20:01:21 - server - anton: MT_GETDATA: 
2025-05-24 20:01:21 - anton - anton: 4321
2025-05-24 20:01:21 - server - anton: MT_GETDATA: 
2025-05-24 20:01:21 - anton - anton: 2
2025-05-24 20:01:21 - server - anton: MT_GETDATA: 
2025-05-24 20:01:22 - server - anton: MT_GETDATA: 
2025-05-24 20:01:22 - server - anton: MT_GETDATA: 
2025-05-24 20:01:23 - server - anton: MT_GETDATA: 
2025-05-24 20:01:23 - anton - 4324
2025-05-24 20:01:23 - server - anton: MT_DATA: 4324
2025-05-24 20:01:23 - server - anton: MT_GETDATA: 
2025-05-24 20:01:23 - anton - anton: 4324
2025-05-24 20:01:23 - server - anton: MT_GETDATA: 
2025-05-24 20:01:24 - server - anton: MT_GETDATA: 
2025-05-24 20:01:24 - anton - 4342
2025-05-24 20:01:24 - server - anton: MT_DATA: 4342
2025-05-24 20:01:24 - server - anton: MT_GETDATA: 
2025-05-24 20:01:24 - anton - anton: 4342
2025-05-24 20:01:24 - server - anton: MT_GETDATA: 
2025-05-24 20:01:25 - server - anton: MT_GETDATA: 
2025-05-24 20:01:25 - server - anton: MT_GETDATA: 
2025-05-24 20:01:26 - server - anton: MT_GETDATA: 
2025-05-24 20:01:26 - server - anton: MT_GETDATA: 
2025-05-24 20:01:27 - server - anton: MT_GETDATA: 
2025-05-24 20:01:27 - server - anton: MT_GETDATA: 
